<?xml version="1.0" encoding="UTF-8"?>
<!-- Generated by org.testng.reporters.JUnitXMLReporter -->
<testsuite ignored="0" hostname="LTIN719068" failures="0" tests="6" name="IshaHomes_Demo_With_Extern_Report" time="45.501" errors="0" timestamp="2026-04-07T14:43:14 IST">
  <testcase classname="tests.IshaHomeTest" name="verifyCompletedProject" time="10.315"/>
  <testcase classname="tests.IshaHomeTest" name="ClickOnCompleterProject" time="3.519"/>
  <testcase classname="tests.IshaHomeTest" name="countCompletedProjects" time="1.644"/>
  <testcase classname="tests.IshaHomeTest" name="ScrollDown" time="2.042"/>
  <testcase classname="tests.IshaHomeTest" name="ClickOnContactUs" time="2.635"/>
  <testcase classname="tests.IshaHomeTest" name="verifyEmailDetails" time="10.438"/>
</testsuite> <!-- IshaHomes_Demo_With_Extern_Report -->
