<?xml version="1.0" encoding="UTF-8"?>
<!-- Generated by org.testng.reporters.JUnitXMLReporter -->
<testsuite ignored="0" hostname="LTIN719068" failures="0" tests="6" name="IshaHomes_Demo_Final" time="39.514" errors="0" timestamp="2026-04-07T12:03:47 IST">
  <testcase classname="tests.IshaHomeTest" name="verifyCompletedProject" time="8.026"/>
  <testcase classname="tests.IshaHomeTest" name="ClickOnCompleterProject" time="2.567"/>
  <testcase classname="tests.IshaHomeTest" name="countCompletedProjects" time="1.349"/>
  <testcase classname="tests.IshaHomeTest" name="ScrollDown" time="2.02"/>
  <testcase classname="tests.IshaHomeTest" name="ClickOnContactUs" time="2.031"/>
  <testcase classname="tests.IshaHomeTest" name="verifyEmailDetails" time="10.967"/>
</testsuite> <!-- IshaHomes_Demo_Final -->
