<?xml version="1.0" encoding="UTF-8"?>
<testng-results ignored="0" total="6" passed="6" failed="0" skipped="0">
  <reporter-output>
  </reporter-output>
  <suite started-at="2026-04-07T14:42:28 IST" name="Default Suite" finished-at="2026-04-07T14:43:14 IST" duration-ms="45501">
    <groups>
    </groups>
    <test started-at="2026-04-07T14:42:28 IST" name="IshaHomes_Demo_With_Extern_Report" finished-at="2026-04-07T14:43:14 IST" duration-ms="45501">
      <class name="tests.IshaHomeTest">
        <test-method is-config="true" signature="setUp()[pri:0, instance:tests.IshaHomeTest@3754a4bf]" started-at="2026-04-07T14:42:28 IST" name="setUp" finished-at="2026-04-07T14:42:36 IST" duration-ms="8071" status="PASS">
          <reporter-output>
          </reporter-output>
        </test-method> <!-- setUp -->
        <test-method signature="verifyCompletedProject()[pri:0, instance:tests.IshaHomeTest@3754a4bf]" started-at="2026-04-07T14:42:36 IST" name="verifyCompletedProject" finished-at="2026-04-07T14:42:47 IST" duration-ms="10315" status="PASS">
          <reporter-output>
          </reporter-output>
        </test-method> <!-- verifyCompletedProject -->
        <test-method signature="ClickOnCompleterProject()[pri:0, instance:tests.IshaHomeTest@3754a4bf]" started-at="2026-04-07T14:42:47 IST" name="ClickOnCompleterProject" finished-at="2026-04-07T14:42:50 IST" depends-on-methods="tests.IshaHomeTest.verifyCompletedProject" duration-ms="3519" status="PASS">
          <reporter-output>
          </reporter-output>
        </test-method> <!-- ClickOnCompleterProject -->
        <test-method signature="countCompletedProjects()[pri:0, instance:tests.IshaHomeTest@3754a4bf]" started-at="2026-04-07T14:42:50 IST" name="countCompletedProjects" finished-at="2026-04-07T14:42:52 IST" depends-on-methods="tests.IshaHomeTest.ClickOnCompleterProject" duration-ms="1644" status="PASS">
          <reporter-output>
          </reporter-output>
        </test-method> <!-- countCompletedProjects -->
        <test-method signature="ScrollDown()[pri:0, instance:tests.IshaHomeTest@3754a4bf]" started-at="2026-04-07T14:42:52 IST" name="ScrollDown" finished-at="2026-04-07T14:42:54 IST" depends-on-methods="tests.IshaHomeTest.countCompletedProjects" duration-ms="2042" status="PASS">
          <reporter-output>
          </reporter-output>
        </test-method> <!-- ScrollDown -->
        <test-method signature="ClickOnContactUs()[pri:0, instance:tests.IshaHomeTest@3754a4bf]" started-at="2026-04-07T14:42:54 IST" name="ClickOnContactUs" finished-at="2026-04-07T14:42:57 IST" depends-on-methods="tests.IshaHomeTest.ScrollDown" duration-ms="2635" status="PASS">
          <reporter-output>
          </reporter-output>
        </test-method> <!-- ClickOnContactUs -->
        <test-method signature="verifyEmailDetails()[pri:0, instance:tests.IshaHomeTest@3754a4bf]" started-at="2026-04-07T14:42:57 IST" name="verifyEmailDetails" finished-at="2026-04-07T14:43:07 IST" depends-on-methods="tests.IshaHomeTest.ClickOnContactUs" duration-ms="10438" status="PASS">
          <reporter-output>
          </reporter-output>
        </test-method> <!-- verifyEmailDetails -->
        <test-method is-config="true" signature="tearDown()[pri:0, instance:tests.IshaHomeTest@3754a4bf]" started-at="2026-04-07T14:43:07 IST" name="tearDown" finished-at="2026-04-07T14:43:14 IST" duration-ms="6728" status="PASS">
          <reporter-output>
          </reporter-output>
        </test-method> <!-- tearDown -->
      </class> <!-- tests.IshaHomeTest -->
    </test> <!-- IshaHomes_Demo_With_Extern_Report -->
  </suite> <!-- Default Suite -->
</testng-results>
